============================= test session starts =============================
platform win32 -- Python 3.14.3, pytest-9.0.2, pluggy-1.6.0
rootdir: E:\scsit\SentinelSOC\ai\phishing_model
plugins: anyio-4.12.1
collected 9 items

tests\test_api.py ..                                                     [ 22%]
tests\test_features.py ...                                               [ 55%]
tests\test_model.py ..                                                   [ 77%]
tests\test_serve.py ..                                                   [100%]

============================== warnings summary ===============================
serve.py:22
  E:\scsit\SentinelSOC\ai\phishing_model\serve.py:22: DeprecationWarning: 
          on_event is deprecated, use lifespan event handlers instead.
  
          Read more about it in the
          [FastAPI docs for Lifespan Events](https://fastapi.tiangolo.com/advanced/events/).
          
    @app.on_event("startup")

.venv\Lib\site-packages\fastapi\applications.py:4599
  E:\scsit\SentinelSOC\ai\phishing_model\.venv\Lib\site-packages\fastapi\applications.py:4599: DeprecationWarning: 
          on_event is deprecated, use lifespan event handlers instead.
  
          Read more about it in the
          [FastAPI docs for Lifespan Events](https://fastapi.tiangolo.com/advanced/events/).
          
    return self.router.on_event(event_type)

-- Docs: https://docs.pytest.org/en/stable/how-to/capture-warnings.html
======================== 9 passed, 2 warnings in 1.90s ========================
